<?xml version="1.0" encoding="UTF-8"?>
<!-- Generated by org.testng.reporters.JUnitReportReporter -->
<testsuite skipped="0" hostname="AG300617-6" name="structtes.Baseclass" tests="1" failures="0" timestamp="02 Aug 2017 09:12:24 GMT" time="51.023" errors="0">
  <testcase name="logIn" time="51.023" classname="structtes.Baseclass"/>
</testsuite> <!-- structtes.Baseclass -->
