<?xml version="1.0" encoding="UTF-8"?>
<!-- Generated by org.testng.reporters.JUnitReportReporter -->
<testsuite skipped="1" hostname="hd-10" name="apaches.Gmail" tests="4" failures="0" timestamp="12 Jul 2017 07:19:56 GMT" time="100.829" errors="0">
  <testcase name="testCase3" time="29.594" classname="apaches.Gmail"/>
  <testcase name="testCase4" time="47.860" classname="apaches.Gmail"/>
  <testcase name="testCase2" time="23.375" classname="apaches.Gmail"/>
  <testcase name="testCase1" classname="apaches.Gmail">
    <skipped/>
  </testcase> <!-- testCase1 -->
</testsuite> <!-- apaches.Gmail -->
