<?xml version="1.0" encoding="UTF-8"?>
<!-- Generated by org.testng.reporters.JUnitReportReporter -->
<testsuite hostname="AG300617-6" name="finalTest.FinalTest" tests="1" failures="0" timestamp="8 Aug 2017 05:52:00 GMT" time="68.570" errors="0">
  <testcase name="g" time="68.570" classname="finalTest.FinalTest"/>
</testsuite> <!-- finalTest.FinalTest -->
